<?xml version="1.0" encoding="UTF-8"?>
<testsuite xmlns:xsi="http://www.w3.org/2001/XMLSchema-instance" xsi:noNamespaceSchemaLocation="https://maven.apache.org/surefire/maven-surefire-plugin/xsd/surefire-test-report.xsd" name="AccountTest" time="0.389" tests="14" errors="0" skipped="0" failures="0">
  <properties>
[...]
</properties>
  <testcase name="checkNameToEmboss[0]" classname="AccountTest" time="0.231"/>
  <testcase name="checkNameToEmboss[1]" classname="AccountTest" time="0.002"/>
  <testcase name="checkNameToEmboss[2]" classname="AccountTest" time="0.002"/>
  <testcase name="checkNameToEmboss[3]" classname="AccountTest" time="0.002"/>
  <testcase name="checkNameToEmboss[4]" classname="AccountTest" time="0.001"/>
  <testcase name="checkNameToEmboss[5]" classname="AccountTest" time="0.001"/>
  <testcase name="checkNameToEmboss[6]" classname="AccountTest" time="0.001"/>
  <testcase name="checkNameToEmboss[7]" classname="AccountTest" time="0.001"/>
  <testcase name="checkNameToEmboss[8]" classname="AccountTest" time="0.001"/>
  <testcase name="checkNameToEmboss[9]" classname="AccountTest" time="0.001"/>
  <testcase name="checkNameToEmboss[10]" classname="AccountTest" time="0.001"/>
  <testcase name="checkNameToEmboss[11]" classname="AccountTest" time="0.001"/>
  <testcase name="checkNameToEmboss[12]" classname="AccountTest" time="0.001"/>
  <testcase name="checkNameToEmboss[13]" classname="AccountTest" time="0.001"/>
</testsuite>